<?xml version="1.0" encoding="UTF-8"?>
<!-- Generated by org.testng.reporters.JUnitReportReporter -->
<testsuite hostname="DESKTOP-A3IOHTC" failures="0" tests="1" name="extent.report.updated.version.ExtenReportsDemo" time="5.612" errors="0" timestamp="2023-01-04T14:31:42 IST" skipped="0">
  <testcase classname="extent.report.updated.version.ExtenReportsDemo" name="extentReports" time="5.612"/>
  <system-out/>
</testsuite> <!-- extent.report.updated.version.ExtenReportsDemo -->
