<?xml version="1.0" encoding="UTF-8"?>
<!-- Generated by org.testng.reporters.JUnitReportReporter -->
<testsuite hostname="DESKTOP-A3IOHTC" failures="0" tests="1" name="TestNGTESTING.TestNGTESTING.NewTestClass" time="0.013" errors="0" timestamp="19 Dec 2022 11:54:21 GMT" skipped="0">
  <testcase classname="TestNGTESTING.TestNGTESTING.NewTestClass" name="f" time="0.013"/>
</testsuite> <!-- TestNGTESTING.TestNGTESTING.NewTestClass -->
