<?xml version="1.0" encoding="UTF-8"?>
<!-- Generated by org.testng.reporters.JUnitReportReporter -->
<testsuite hostname="DESKTOP-A3IOHTC" failures="0" tests="1" name="TestNGTESTING.TestNGTESTING.Testt" time="3.715" errors="0" timestamp="2022-12-19T17:26:40 IST" skipped="0">
  <testcase classname="TestNGTESTING.TestNGTESTING.Testt" name="getCall" time="3.715"/>
  <system-out/>
</testsuite> <!-- TestNGTESTING.TestNGTESTING.Testt -->
