<?xml version="1.0" encoding="UTF-8"?>
<!-- Generated by org.testng.reporters.JUnitReportReporter -->
<testsuite hostname="DESKTOP-A3IOHTC" failures="0" tests="1" name="selenium.Alerts26" time="72.533" errors="0" timestamp="2022-12-19T20:32:38 IST" skipped="0">
  <testcase classname="selenium.Alerts26" name="AlertHandling" time="72.533"/>
  <system-out/>
</testsuite> <!-- selenium.Alerts26 -->
