<?xml version="1.0" encoding="UTF-8"?>
<!-- Generated by org.testng.reporters.JUnitReportReporter -->
<testsuite hostname="DESKTOP-A3IOHTC" failures="0" tests="1" name="ReportsDemo.ExtentReportsDemo" time="4.295" errors="0" timestamp="2023-01-03T21:44:44 IST" skipped="0">
  <testcase classname="ReportsDemo.ExtentReportsDemo" name="reportsDemo" time="4.295"/>
  <system-out/>
</testsuite> <!-- ReportsDemo.ExtentReportsDemo -->
