<?xml version="1.0" encoding="UTF-8"?>
<!-- Generated by org.testng.reporters.JUnitReportReporter -->
<testsuite hostname="DESKTOP-A3IOHTC" failures="0" tests="1" name="ConfigDemo" time="5.579" errors="0" timestamp="2023-01-03T19:36:27 IST" skipped="0">
  <testcase classname="ConfigDemo" name="launchGoogle" time="5.579"/>
  <system-out/>
</testsuite> <!-- ConfigDemo -->
