<?xml version="1.0" encoding="UTF-8"?>
<!-- Generated by org.testng.reporters.JUnitReportReporter -->
<testsuite hostname="DESKTOP-A3IOHTC" failures="0" tests="2" name="selenium.CrossBrowserTesting" time="4.357" errors="0" timestamp="2023-01-04T17:37:25 IST" skipped="0">
  <testcase classname="selenium.CrossBrowserTesting" name="crossBrowser" time="2.156"/>
  <system-out/>
  <testcase classname="selenium.CrossBrowserTesting" name="crossBrowser" time="2.201"/>
  <system-out/>
</testsuite> <!-- selenium.CrossBrowserTesting -->
