<?xml version="1.0" encoding="UTF-8"?>
<!-- Generated by org.testng.reporters.JUnitReportReporter -->
<testsuite hostname="DESKTOP-A3IOHTC" failures="0" tests="1" name="selenium.FramesHandling26" time="49.474" errors="0" timestamp="2022-12-19T20:34:41 IST" skipped="0">
  <testcase classname="selenium.FramesHandling26" name="AlertHandling" time="49.474"/>
  <system-out/>
</testsuite> <!-- selenium.FramesHandling26 -->
