<?xml version="1.0" encoding="UTF-8"?>
<!-- Generated by org.testng.reporters.JUnitReportReporter -->
<testsuite hostname="DESKTOP-A3IOHTC" failures="0" tests="2" name="BaseClassDemo.BaseClass" time="2.858" errors="0" timestamp="2023-01-03T20:41:40 IST" skipped="0">
  <testcase classname="BaseClassDemo.BaseClass" name="loginInvalid" time="1.283"/>
  <system-out/>
  <testcase classname="BaseClassDemo.BaseClass" name="login" time="1.575"/>
  <system-out/>
</testsuite> <!-- BaseClassDemo.BaseClass -->
