<?xml version="1.0" encoding="UTF-8"?>
<!-- Generated by org.testng.reporters.JUnitReportReporter -->
<testsuite hostname="DESKTOP-A3IOHTC" failures="0" tests="1" name="selenium.AlertHandling25" time="42.250" errors="0" timestamp="2022-12-19T18:59:28 IST" skipped="0">
  <testcase classname="selenium.AlertHandling25" name="handleAlerts" time="42.250"/>
  <system-out/>
</testsuite> <!-- selenium.AlertHandling25 -->
