<?xml version="1.0" encoding="UTF-8"?>
<!-- Generated by org.testng.reporters.JUnitReportReporter -->
<testsuite hostname="DESKTOP-A3IOHTC" failures="0" tests="1" name="selenium.BootstrapMutipleWindow28" time="8.190" errors="0" timestamp="2022-12-20T12:22:25 IST" skipped="0">
  <testcase classname="selenium.BootstrapMutipleWindow28" name="handleBootstrapWindow" time="8.190"/>
  <system-out/>
</testsuite> <!-- selenium.BootstrapMutipleWindow28 -->
