<?xml version="1.0" encoding="UTF-8"?>
<!-- Generated by org.testng.reporters.JUnitReportReporter -->
<testsuite hostname="DESKTOP-A3IOHTC" failures="0" tests="1" name="selenium.MultipleWindowhandling27" time="4.850" errors="0" timestamp="2022-12-20T09:38:21 IST" skipped="0">
  <testcase classname="selenium.MultipleWindowhandling27" name="handleWindow" time="4.850"/>
  <system-out/>
</testsuite> <!-- selenium.MultipleWindowhandling27 -->
